<?xml version="1.0" encoding="UTF-8"?>
<robot generator="Robot 7.4.1 (Python 3.13.7 on win32)" generated="2026-02-03T17:40:14.585279" rpa="false" schemaversion="5">
<suite id="s1" name="Patient Registration" source="C:\Users\mahen\PycharmProjects\WiproTraining\hospital_management_system\robot_tests\patient_registration.robot">
<kw name="Open Browser To App" type="SETUP">
<kw name="Open Browser" owner="SeleniumLibrary">
<msg time="2026-02-03T17:40:15.443080" level="INFO">Opening browser 'chrome' to base url 'http://127.0.0.1:5000'.</msg>
<arg>${URL}</arg>
<arg>${BROWSER}</arg>
<doc>Opens a new browser instance to the optional ``url``.</doc>
<status status="PASS" start="2026-02-03T17:40:15.442180" elapsed="6.106016"/>
</kw>
<kw name="Maximize Browser Window" owner="SeleniumLibrary">
<doc>Maximizes current browser window.</doc>
<status status="PASS" start="2026-02-03T17:40:21.548946" elapsed="0.061146"/>
</kw>
<status status="PASS" start="2026-02-03T17:40:15.439771" elapsed="6.170689"/>
</kw>
<test id="s1-t1" name="Register Patient" line="16">
<kw name="Input Text" owner="SeleniumLibrary">
<msg time="2026-02-03T17:40:21.613127" level="INFO">Typing text '2' into text field 'name=id'.</msg>
<arg>name=id</arg>
<arg>2</arg>
<doc>Types the given ``text`` into the text field identified by ``locator``.</doc>
<status status="PASS" start="2026-02-03T17:40:21.612345" elapsed="0.270071"/>
</kw>
<kw name="Input Text" owner="SeleniumLibrary">
<msg time="2026-02-03T17:40:21.884397" level="INFO">Typing text 'Sita' into text field 'name=name'.</msg>
<arg>name=name</arg>
<arg>Sita</arg>
<doc>Types the given ``text`` into the text field identified by ``locator``.</doc>
<status status="PASS" start="2026-02-03T17:40:21.883465" elapsed="0.254131"/>
</kw>
<kw name="Input Text" owner="SeleniumLibrary">
<msg time="2026-02-03T17:40:22.139287" level="INFO">Typing text '28' into text field 'name=age'.</msg>
<arg>name=age</arg>
<arg>28</arg>
<doc>Types the given ``text`` into the text field identified by ``locator``.</doc>
<status status="PASS" start="2026-02-03T17:40:22.138536" elapsed="0.429073"/>
</kw>
<kw name="Click Element" owner="SeleniumLibrary">
<msg time="2026-02-03T17:40:22.572618" level="INFO">Clicking element 'xpath=//input[@value='Female']'.</msg>
<arg>xpath=//input[@value='Female']</arg>
<doc>Click the element identified by ``locator``.</doc>
<status status="PASS" start="2026-02-03T17:40:22.571167" elapsed="2.338954"/>
</kw>
<kw name="Input Text" owner="SeleniumLibrary">
<msg time="2026-02-03T17:40:24.912137" level="INFO">Typing text '8888888888' into text field 'name=contact'.</msg>
<arg>name=contact</arg>
<arg>8888888888</arg>
<doc>Types the given ``text`` into the text field identified by ``locator``.</doc>
<status status="PASS" start="2026-02-03T17:40:24.911200" elapsed="0.298440"/>
</kw>
<kw name="Input Text" owner="SeleniumLibrary">
<msg time="2026-02-03T17:40:25.210973" level="INFO">Typing text 'Cold' into text field 'name=disease'.</msg>
<arg>name=disease</arg>
<arg>Cold</arg>
<doc>Types the given ``text`` into the text field identified by ``locator``.</doc>
<status status="PASS" start="2026-02-03T17:40:25.210439" elapsed="0.208795"/>
</kw>
<kw name="Select From List By Label" owner="SeleniumLibrary">
<msg time="2026-02-03T17:40:25.420991" level="INFO">Selecting options from selection list 'name=doctor' by label Dr. Smith.</msg>
<arg>name=doctor</arg>
<arg>Dr. Smith</arg>
<doc>Selects options from selection list ``locator`` by ``labels``.</doc>
<status status="PASS" start="2026-02-03T17:40:25.420207" elapsed="0.182073"/>
</kw>
<kw name="Click Button" owner="SeleniumLibrary">
<msg time="2026-02-03T17:40:25.603538" level="INFO">Clicking button 'xpath=//button[@type='submit']'.</msg>
<arg>xpath=//button[@type='submit']</arg>
<doc>Clicks the button identified by ``locator``.</doc>
<status status="PASS" start="2026-02-03T17:40:25.603040" elapsed="0.215911"/>
</kw>
<kw name="Sleep" owner="BuiltIn">
<msg time="2026-02-03T17:40:27.822743" level="INFO">Slept 2 seconds.</msg>
<arg>2s</arg>
<doc>Pauses the test executed for the given time.</doc>
<status status="PASS" start="2026-02-03T17:40:25.820711" elapsed="2.002244"/>
</kw>
<status status="PASS" start="2026-02-03T17:40:21.610718" elapsed="6.213308"/>
</test>
<kw name="Close Browser" owner="SeleniumLibrary" type="TEARDOWN">
<doc>Closes the current browser.</doc>
<status status="PASS" start="2026-02-03T17:40:27.826211" elapsed="2.488507"/>
</kw>
<status status="PASS" start="2026-02-03T17:40:14.588926" elapsed="15.725970"/>
</suite>
<statistics>
<total>
<stat pass="1" fail="0" skip="0">All Tests</stat>
</total>
<tag>
</tag>
<suite>
<stat name="Patient Registration" id="s1" pass="1" fail="0" skip="0">Patient Registration</stat>
</suite>
</statistics>
<errors>
</errors>
</robot>
